
2019-03-11 17:43:57,404 passlib.registry registered 'md5_crypt' handler: <class 'passlib.handlers.md5_crypt.md5_crypt'>
2019-03-11 17:43:57,408 p=47862 u=issenn |  PLAY [codis environment init] ******************************************************************************************************************************************************************************
2019-03-11 17:43:57,419 p=47862 u=issenn |  TASK [common : Create codis install directory] *************************************************************************************************************************************************************
2019-03-11 17:43:58,500 p=47862 u=issenn |  changed: [codis-server2] => (item=/opt/codis2)
2019-03-11 17:43:58,875 p=47862 u=issenn |  changed: [codis-server2] => (item=/opt/codis2/bin)
2019-03-11 17:43:59,233 p=47862 u=issenn |  changed: [codis-server2] => (item=/opt/codis2/config)
2019-03-11 17:43:59,582 p=47862 u=issenn |  changed: [codis-server2] => (item=/opt/codis2/admin)
2019-03-11 17:43:59,591 p=47862 u=issenn |  PLAY [Install codis-dashboard] *****************************************************************************************************************************************************************************
2019-03-11 17:43:59,592 p=47862 u=issenn |  skipping: no hosts matched
2019-03-11 17:43:59,595 p=47862 u=issenn |  PLAY [Install codis-proxy] *********************************************************************************************************************************************************************************
2019-03-11 17:43:59,595 p=47862 u=issenn |  skipping: no hosts matched
2019-03-11 17:43:59,600 p=47862 u=issenn |  PLAY [Install codis-server] ********************************************************************************************************************************************************************************
2019-03-11 17:43:59,606 p=47862 u=issenn |  TASK [codis-server : Create codis server work directory] ***************************************************************************************************************************************************
2019-03-11 17:44:00,016 p=47862 u=issenn |  changed: [codis-server2]
2019-03-11 17:44:00,024 p=47862 u=issenn |  TASK [codis-server : Copy codis-server binary] *************************************************************************************************************************************************************
2019-03-11 17:44:01,338 p=47862 u=issenn |  changed: [codis-server2]
2019-03-11 17:44:01,349 p=47862 u=issenn |  TASK [codis-server : Copy codis-server configuration] ******************************************************************************************************************************************************
2019-03-11 17:44:02,090 p=47862 u=issenn |  changed: [codis-server2]
2019-03-11 17:44:02,097 p=47862 u=issenn |  TASK [codis-server : Copy codis-server admin script] *******************************************************************************************************************************************************
2019-03-11 17:44:02,812 p=47862 u=issenn |  changed: [codis-server2]
2019-03-11 17:44:02,819 p=47862 u=issenn |  TASK [codis-server : Restart codis-server service] *********************************************************************************************************************************************************
2019-03-11 17:44:04,436 p=47862 u=issenn |  changed: [codis-server2]
2019-03-11 17:44:04,443 p=47862 u=issenn |  PLAY [Install redis-sentinel] ******************************************************************************************************************************************************************************
2019-03-11 17:44:04,443 p=47862 u=issenn |  skipping: no hosts matched
2019-03-11 17:44:04,446 p=47862 u=issenn |  PLAY [Install codis-fe] ************************************************************************************************************************************************************************************
2019-03-11 17:44:04,446 p=47862 u=issenn |  skipping: no hosts matched
2019-03-11 17:44:04,447 p=47862 u=issenn |  PLAY RECAP *************************************************************************************************************************************************************************************************
2019-03-11 17:44:04,447 p=47862 u=issenn |  codis-server2              : ok=6    changed=6    unreachable=0    failed=0   
2019-03-11 17:52:27,741 p=48180 u=issenn |  ERROR! the playbook: codis-server4 could not be found
2019-03-11 17:52:42,239 p=48253 u=issenn |  ERROR! the playbook: codis-server4 could not be found
2019-03-11 17:52:48,982 passlib.registry registered 'md5_crypt' handler: <class 'passlib.handlers.md5_crypt.md5_crypt'>
2019-03-11 17:52:48,986 p=48313 u=issenn |  PLAY [codis environment init] ******************************************************************************************************************************************************************************
2019-03-11 17:52:48,996 p=48313 u=issenn |  TASK [common : Create codis install directory] *************************************************************************************************************************************************************
2019-03-11 17:52:49,955 p=48313 u=issenn |  changed: [codis-server3] => (item=/opt/codis3)
2019-03-11 17:52:49,955 p=48313 u=issenn |  changed: [codis-server4] => (item=/opt/codis4)
2019-03-11 17:52:50,541 p=48313 u=issenn |  changed: [codis-server3] => (item=/opt/codis3/bin)
2019-03-11 17:52:50,542 p=48313 u=issenn |  changed: [codis-server4] => (item=/opt/codis4/bin)
2019-03-11 17:52:51,181 p=48313 u=issenn |  changed: [codis-server3] => (item=/opt/codis3/config)
2019-03-11 17:52:51,181 p=48313 u=issenn |  changed: [codis-server4] => (item=/opt/codis4/config)
2019-03-11 17:52:52,012 p=48313 u=issenn |  changed: [codis-server4] => (item=/opt/codis4/admin)
2019-03-11 17:52:52,015 p=48313 u=issenn |  changed: [codis-server3] => (item=/opt/codis3/admin)
2019-03-11 17:52:52,023 p=48313 u=issenn |  PLAY [Install codis-dashboard] *****************************************************************************************************************************************************************************
2019-03-11 17:52:52,024 p=48313 u=issenn |  skipping: no hosts matched
2019-03-11 17:52:52,027 p=48313 u=issenn |  PLAY [Install codis-proxy] *********************************************************************************************************************************************************************************
2019-03-11 17:52:52,027 p=48313 u=issenn |  skipping: no hosts matched
2019-03-11 17:52:52,032 p=48313 u=issenn |  PLAY [Install codis-server] ********************************************************************************************************************************************************************************
2019-03-11 17:52:52,039 p=48313 u=issenn |  TASK [codis-server : Create codis server work directory] ***************************************************************************************************************************************************
2019-03-11 17:52:52,523 p=48313 u=issenn |  changed: [codis-server3]
2019-03-11 17:52:52,549 p=48313 u=issenn |  changed: [codis-server4]
2019-03-11 17:52:52,559 p=48313 u=issenn |  TASK [codis-server : Copy codis-server binary] *************************************************************************************************************************************************************
2019-03-11 17:52:54,865 p=48313 u=issenn |  changed: [codis-server4]
2019-03-11 17:52:54,868 p=48313 u=issenn |  changed: [codis-server3]
2019-03-11 17:52:54,878 p=48313 u=issenn |  TASK [codis-server : Copy codis-server configuration] ******************************************************************************************************************************************************
2019-03-11 17:52:55,767 p=48313 u=issenn |  changed: [codis-server3]
2019-03-11 17:52:55,872 p=48313 u=issenn |  changed: [codis-server4]
2019-03-11 17:52:55,880 p=48313 u=issenn |  TASK [codis-server : Copy codis-server admin script] *******************************************************************************************************************************************************
2019-03-11 17:52:56,746 p=48313 u=issenn |  changed: [codis-server4]
2019-03-11 17:52:56,879 p=48313 u=issenn |  changed: [codis-server3]
2019-03-11 17:52:56,895 p=48313 u=issenn |  TASK [codis-server : Restart codis-server service] *********************************************************************************************************************************************************
2019-03-11 17:52:58,634 p=48313 u=issenn |  changed: [codis-server3]
2019-03-11 17:52:58,639 p=48313 u=issenn |  changed: [codis-server4]
2019-03-11 17:52:58,646 p=48313 u=issenn |  PLAY [Install redis-sentinel] ******************************************************************************************************************************************************************************
2019-03-11 17:52:58,647 p=48313 u=issenn |  skipping: no hosts matched
2019-03-11 17:52:58,650 p=48313 u=issenn |  PLAY [Install codis-fe] ************************************************************************************************************************************************************************************
2019-03-11 17:52:58,650 p=48313 u=issenn |  skipping: no hosts matched
2019-03-11 17:52:58,650 p=48313 u=issenn |  PLAY RECAP *************************************************************************************************************************************************************************************************
2019-03-11 17:52:58,650 p=48313 u=issenn |  codis-server3              : ok=6    changed=6    unreachable=0    failed=0   
2019-03-11 17:52:58,651 p=48313 u=issenn |  codis-server4              : ok=6    changed=6    unreachable=0    failed=0   
